20/06/2021 07:47:29	This log contains information about the import schema operation into project 'ControleTarefas.DB' on computer 'JX-PC' by user 'JX'.
20/06/2021 07:47:29	Import of database schema has started.
20/06/2021 07:47:32	Gathering database credentials
20/06/2021 07:47:32	Gathering database options
20/06/2021 07:47:32	Gathering users
20/06/2021 07:47:32	Gathering roles
20/06/2021 07:47:32	Gathering application roles
20/06/2021 07:47:32	Gathering role memberships
20/06/2021 07:47:32	Gathering filegroups
20/06/2021 07:47:32	Gathering full-text catalogs
20/06/2021 07:47:32	Gathering assemblies
20/06/2021 07:47:32	Gathering certificates
20/06/2021 07:47:32	Gathering asymmetric keys
20/06/2021 07:47:32	Gathering symmetric keys
20/06/2021 07:47:32	Gathering encrypted symmetric keys
20/06/2021 07:47:32	Gathering schemas
20/06/2021 07:47:32	Gathering XML schema collections
20/06/2021 07:47:32	Gathering user-defined data types
20/06/2021 07:47:32	Gathering user-defined types
20/06/2021 07:47:32	Gathering table types
20/06/2021 07:47:32	Gathering unique keys for table types
20/06/2021 07:47:32	Gathering primary keys for table types
20/06/2021 07:47:32	Gathering indexes for table types
20/06/2021 07:47:32	Gathering check constraints for table types
20/06/2021 07:47:32	Gathering default constraints for table types
20/06/2021 07:47:32	Gathering partition functions
20/06/2021 07:47:32	Gathering partition schemes
20/06/2021 07:47:32	Gathering functions
20/06/2021 07:47:32	Gathering encrypted functions
20/06/2021 07:47:32	Gathering aggregates
20/06/2021 07:47:32	Gathering procedures
20/06/2021 07:47:32	Gathering encrypted procedures
20/06/2021 07:47:32	Gathering tables
20/06/2021 07:47:32	Gathering primary keys
20/06/2021 07:47:32	Gathering unique constraints
20/06/2021 07:47:32	Gathering foreign keys
20/06/2021 07:47:32	Gathering default constraints
20/06/2021 07:47:32	Gathering check constraints
20/06/2021 07:47:32	Gathering views
20/06/2021 07:47:32	Gathering encrypted views
20/06/2021 07:47:32	Gathering indexes
20/06/2021 07:47:32	Gathering statistics
20/06/2021 07:47:32	Gathering full-text index stoplists
20/06/2021 07:47:32	Gathering search property lists
20/06/2021 07:47:32	Gathering search properties
20/06/2021 07:47:32	Gathering full-text indexes
20/06/2021 07:47:32	Gathering column store indexes
20/06/2021 07:47:32	Gathering spatial indexes
20/06/2021 07:47:32	Gathering XML indexes
20/06/2021 07:47:32	Gathering Selective XML indexes
20/06/2021 07:47:32	Gathering encrypted triggers
20/06/2021 07:47:32	Gathering triggers
20/06/2021 07:47:32	Gathering encrypted and clr ddl triggers
20/06/2021 07:47:32	Gathering ddl triggers
20/06/2021 07:47:32	Gathering synonyms
20/06/2021 07:47:32	Gathering defaults
20/06/2021 07:47:32	Gathering data constraint uddt bindings
20/06/2021 07:47:32	Gathering rules
20/06/2021 07:47:32	Gathering data constraint uddt bindings
20/06/2021 07:47:32	Gathering message types
20/06/2021 07:47:32	Gathering queues
20/06/2021 07:47:32	Gathering contracts
20/06/2021 07:47:32	Gathering services
20/06/2021 07:47:32	Gathering event notifications
20/06/2021 07:47:32	Gathering remote service bindings
20/06/2021 07:47:32	Gathering broker priorities
20/06/2021 07:47:32	Gathering signatures
20/06/2021 07:47:32	Gathering data compression options
20/06/2021 07:47:32	Gathering sequence types
20/06/2021 07:47:32	Gathering security policies
20/06/2021 07:47:32	Gather column encryption keys
20/06/2021 07:47:32	Gathering column master keys
20/06/2021 07:47:32	Gathering external data sources
20/06/2021 07:47:32	Gathering external file formats
20/06/2021 07:47:32	Gathering external tables
20/06/2021 07:47:32	Gathering extended properties
20/06/2021 07:47:33	Gathering credentials
20/06/2021 07:47:33	Gathering logins
20/06/2021 07:47:33	Gathering server audits
20/06/2021 07:47:33	Scanning project for duplicate elements
20/06/2021 07:47:33	Finished duplicate element processing
20/06/2021 07:47:33	Finished importing database.
20/06/2021 07:47:33	A summary of the import was saved to the following location: C:\Users\JX\Documents\GitHub\Controle de Tarefas\ControleTarefas.DB\Import Schema Logs\ControleTarefas.DB_20210620104729.log
20/06/2021 07:47:33	Click Finish to continue...
