21/06/2021 10:24:06	This log contains information about the import schema operation into project 'ControleTarefas.DB' on computer 'JX-PC' by user 'JX'.
21/06/2021 10:24:06	Import of database schema has started.
21/06/2021 10:24:08	Gathering database credentials
21/06/2021 10:24:08	Gathering database options
21/06/2021 10:24:08	Gathering users
21/06/2021 10:24:08	Gathering roles
21/06/2021 10:24:08	Gathering application roles
21/06/2021 10:24:08	Gathering role memberships
21/06/2021 10:24:08	Gathering filegroups
21/06/2021 10:24:08	Gathering full-text catalogs
21/06/2021 10:24:08	Gathering assemblies
21/06/2021 10:24:08	Gathering certificates
21/06/2021 10:24:08	Gathering asymmetric keys
21/06/2021 10:24:08	Gathering symmetric keys
21/06/2021 10:24:08	Gathering encrypted symmetric keys
21/06/2021 10:24:08	Gathering schemas
21/06/2021 10:24:08	Gathering XML schema collections
21/06/2021 10:24:08	Gathering user-defined data types
21/06/2021 10:24:08	Gathering user-defined types
21/06/2021 10:24:08	Gathering table types
21/06/2021 10:24:08	Gathering unique keys for table types
21/06/2021 10:24:08	Gathering primary keys for table types
21/06/2021 10:24:08	Gathering indexes for table types
21/06/2021 10:24:08	Gathering check constraints for table types
21/06/2021 10:24:08	Gathering default constraints for table types
21/06/2021 10:24:08	Gathering partition functions
21/06/2021 10:24:08	Gathering partition schemes
21/06/2021 10:24:08	Gathering functions
21/06/2021 10:24:08	Gathering encrypted functions
21/06/2021 10:24:08	Gathering aggregates
21/06/2021 10:24:08	Gathering procedures
21/06/2021 10:24:08	Gathering encrypted procedures
21/06/2021 10:24:08	Gathering tables
21/06/2021 10:24:08	Gathering primary keys
21/06/2021 10:24:08	Gathering unique constraints
21/06/2021 10:24:08	Gathering foreign keys
21/06/2021 10:24:08	Gathering default constraints
21/06/2021 10:24:08	Gathering check constraints
21/06/2021 10:24:08	Gathering views
21/06/2021 10:24:08	Gathering encrypted views
21/06/2021 10:24:08	Gathering indexes
21/06/2021 10:24:08	Gathering statistics
21/06/2021 10:24:08	Gathering full-text index stoplists
21/06/2021 10:24:08	Gathering search property lists
21/06/2021 10:24:08	Gathering search properties
21/06/2021 10:24:08	Gathering full-text indexes
21/06/2021 10:24:08	Gathering column store indexes
21/06/2021 10:24:08	Gathering spatial indexes
21/06/2021 10:24:08	Gathering XML indexes
21/06/2021 10:24:08	Gathering Selective XML indexes
21/06/2021 10:24:08	Gathering encrypted triggers
21/06/2021 10:24:08	Gathering triggers
21/06/2021 10:24:08	Gathering encrypted and clr ddl triggers
21/06/2021 10:24:08	Gathering ddl triggers
21/06/2021 10:24:08	Gathering synonyms
21/06/2021 10:24:08	Gathering defaults
21/06/2021 10:24:08	Gathering data constraint uddt bindings
21/06/2021 10:24:08	Gathering rules
21/06/2021 10:24:08	Gathering data constraint uddt bindings
21/06/2021 10:24:08	Gathering message types
21/06/2021 10:24:08	Gathering queues
21/06/2021 10:24:08	Gathering contracts
21/06/2021 10:24:08	Gathering services
21/06/2021 10:24:08	Gathering event notifications
21/06/2021 10:24:08	Gathering remote service bindings
21/06/2021 10:24:08	Gathering broker priorities
21/06/2021 10:24:08	Gathering signatures
21/06/2021 10:24:09	Gathering data compression options
21/06/2021 10:24:09	Gathering sequence types
21/06/2021 10:24:09	Gathering security policies
21/06/2021 10:24:09	Gather column encryption keys
21/06/2021 10:24:09	Gathering column master keys
21/06/2021 10:24:09	Gathering external data sources
21/06/2021 10:24:09	Gathering external file formats
21/06/2021 10:24:09	Gathering external tables
21/06/2021 10:24:09	Gathering extended properties
21/06/2021 10:24:09	Gathering credentials
21/06/2021 10:24:09	Gathering logins
21/06/2021 10:24:09	Gathering server audits
21/06/2021 10:24:09	Scanning project for duplicate elements
21/06/2021 10:24:09	Finished duplicate element processing
21/06/2021 10:24:09	Finished importing database.
21/06/2021 10:24:09	A summary of the import was saved to the following location: C:\Users\JX\Documents\GitHub\Controle de Tarefas\ControleTarefas.DB\Import Schema Logs\ControleTarefas.DB_20210621012406.log
21/06/2021 10:24:09	Click Finish to continue...
