20/06/2021 21:13:14	This log contains information about the import schema operation into project 'ControleTarefas.DB' on computer 'JX-PC' by user 'JX'.
20/06/2021 21:13:14	Import of database schema has started.
20/06/2021 21:13:17	Gathering database credentials
20/06/2021 21:13:17	Gathering database options
20/06/2021 21:13:17	Gathering users
20/06/2021 21:13:17	Gathering roles
20/06/2021 21:13:17	Gathering application roles
20/06/2021 21:13:17	Gathering role memberships
20/06/2021 21:13:17	Gathering filegroups
20/06/2021 21:13:17	Gathering full-text catalogs
20/06/2021 21:13:17	Gathering assemblies
20/06/2021 21:13:17	Gathering certificates
20/06/2021 21:13:17	Gathering asymmetric keys
20/06/2021 21:13:17	Gathering symmetric keys
20/06/2021 21:13:17	Gathering encrypted symmetric keys
20/06/2021 21:13:17	Gathering schemas
20/06/2021 21:13:17	Gathering XML schema collections
20/06/2021 21:13:17	Gathering user-defined data types
20/06/2021 21:13:17	Gathering user-defined types
20/06/2021 21:13:17	Gathering table types
20/06/2021 21:13:17	Gathering unique keys for table types
20/06/2021 21:13:17	Gathering primary keys for table types
20/06/2021 21:13:17	Gathering indexes for table types
20/06/2021 21:13:17	Gathering check constraints for table types
20/06/2021 21:13:17	Gathering default constraints for table types
20/06/2021 21:13:17	Gathering partition functions
20/06/2021 21:13:17	Gathering partition schemes
20/06/2021 21:13:17	Gathering functions
20/06/2021 21:13:17	Gathering encrypted functions
20/06/2021 21:13:17	Gathering aggregates
20/06/2021 21:13:17	Gathering procedures
20/06/2021 21:13:17	Gathering encrypted procedures
20/06/2021 21:13:17	Gathering tables
20/06/2021 21:13:17	Gathering primary keys
20/06/2021 21:13:17	Gathering unique constraints
20/06/2021 21:13:17	Gathering foreign keys
20/06/2021 21:13:17	Gathering default constraints
20/06/2021 21:13:17	Gathering check constraints
20/06/2021 21:13:17	Gathering views
20/06/2021 21:13:17	Gathering encrypted views
20/06/2021 21:13:17	Gathering indexes
20/06/2021 21:13:17	Gathering statistics
20/06/2021 21:13:17	Gathering full-text index stoplists
20/06/2021 21:13:17	Gathering search property lists
20/06/2021 21:13:17	Gathering search properties
20/06/2021 21:13:17	Gathering full-text indexes
20/06/2021 21:13:17	Gathering column store indexes
20/06/2021 21:13:17	Gathering spatial indexes
20/06/2021 21:13:17	Gathering XML indexes
20/06/2021 21:13:17	Gathering Selective XML indexes
20/06/2021 21:13:17	Gathering encrypted triggers
20/06/2021 21:13:17	Gathering triggers
20/06/2021 21:13:17	Gathering encrypted and clr ddl triggers
20/06/2021 21:13:17	Gathering ddl triggers
20/06/2021 21:13:17	Gathering synonyms
20/06/2021 21:13:17	Gathering defaults
20/06/2021 21:13:17	Gathering data constraint uddt bindings
20/06/2021 21:13:17	Gathering rules
20/06/2021 21:13:17	Gathering data constraint uddt bindings
20/06/2021 21:13:17	Gathering message types
20/06/2021 21:13:17	Gathering queues
20/06/2021 21:13:17	Gathering contracts
20/06/2021 21:13:17	Gathering services
20/06/2021 21:13:17	Gathering event notifications
20/06/2021 21:13:17	Gathering remote service bindings
20/06/2021 21:13:17	Gathering broker priorities
20/06/2021 21:13:17	Gathering signatures
20/06/2021 21:13:17	Gathering data compression options
20/06/2021 21:13:17	Gathering sequence types
20/06/2021 21:13:17	Gathering security policies
20/06/2021 21:13:17	Gather column encryption keys
20/06/2021 21:13:17	Gathering column master keys
20/06/2021 21:13:17	Gathering external data sources
20/06/2021 21:13:17	Gathering external file formats
20/06/2021 21:13:17	Gathering external tables
20/06/2021 21:13:17	Gathering extended properties
20/06/2021 21:13:17	Gathering credentials
20/06/2021 21:13:17	Gathering logins
20/06/2021 21:13:17	Gathering server audits
20/06/2021 21:13:17	Finished importing database.
20/06/2021 21:13:17	A summary of the import was saved to the following location: C:\Users\JX\Documents\GitHub\Controle de Tarefas\ControleTarefas.DB\Import Schema Logs\ControleTarefas.DB_20210621121314.log
20/06/2021 21:13:17	Click Finish to continue...
